1549614140405	mozrunner::runner	INFO	Running command: "/usr/bin/firefox" "-marionette" "-foreground" "-no-remote" "-profile" "/tmp/rust_mozprofile.lUKcY7Wq90WI"
1549614140745	addons.webextension.screenshots@mozilla.org	WARN	Loading extension 'screenshots@mozilla.org': Reading manifest: Invalid host permission: resource://pdf.js/
1549614140745	addons.webextension.screenshots@mozilla.org	WARN	Loading extension 'screenshots@mozilla.org': Reading manifest: Invalid host permission: about:reader*
1549614141904	Marionette	INFO	Listening on port 41104
1549614141918	Marionette	WARN	TLS certificate errors will be ignored for this session
console.error: BroadcastService: 
  receivedBroadcastMessage: handler for
  remote-settings/monitor_changes
  threw error:
  Message: Error: Polling for changes failed: NetworkError when attempting to fetch resource..
  Stack:
    remoteSettingsFunction/remoteSettings.pollChanges@resource://services-settings/remote-settings.js:188:13

IPDL protocol error: Handler returned error code!

###!!! [Parent][DispatchAsyncMessage] Error: PLayerTransaction::Msg_ReleaseLayer Processing error: message was deserialized, but the handler returned false (indicating failure)

IPDL protocol error: Handler returned error code!

###!!! [Parent][DispatchAsyncMessage] Error: PLayerTransaction::Msg_ReleaseLayer Processing error: message was deserialized, but the handler returned false (indicating failure)

IPDL protocol error: Handler returned error code!

###!!! [Parent][DispatchAsyncMessage] Error: PLayerTransaction::Msg_ReleaseLayer Processing error: message was deserialized, but the handler returned false (indicating failure)

IPDL protocol error: Handler returned error code!

###!!! [Parent][DispatchAsyncMessage] Error: PLayerTransaction::Msg_ReleaseLayer Processing error: message was deserialized, but the handler returned false (indicating failure)

IPDL protocol error: Handler returned error code!

###!!! [Parent][DispatchAsyncMessage] Error: PLayerTransaction::Msg_ReleaseLayer Processing error: message was deserialized, but the handler returned false (indicating failure)

[Parent 4805, Gecko_IOThread] WARNING: pipe error (79): Connection reset by peer: file /build/firefox-1juj5k/firefox-65.0+build2/ipc/chromium/src/chrome/common/ipc_channel_posix.cc, line 349
[Parent 4805, Gecko_IOThread] WARNING: pipe error (93): Connection reset by peer: file /build/firefox-1juj5k/firefox-65.0+build2/ipc/chromium/src/chrome/common/ipc_channel_posix.cc, line 349
1549614453114	Marionette	INFO	Stopped listening on port 41104
1549614456243	mozrunner::runner	INFO	Running command: "/usr/bin/firefox" "-marionette" "-foreground" "-no-remote" "-profile" "/tmp/rust_mozprofile.MQFAJWk00mzY"
1549614456566	addons.webextension.screenshots@mozilla.org	WARN	Loading extension 'screenshots@mozilla.org': Reading manifest: Invalid host permission: resource://pdf.js/
1549614456566	addons.webextension.screenshots@mozilla.org	WARN	Loading extension 'screenshots@mozilla.org': Reading manifest: Invalid host permission: about:reader*
1549614457805	Marionette	INFO	Listening on port 36872
1549614457848	Marionette	WARN	TLS certificate errors will be ignored for this session
console.error: BroadcastService: 
  receivedBroadcastMessage: handler for
  remote-settings/monitor_changes
  threw error:
  Message: Error: Polling for changes failed: NetworkError when attempting to fetch resource..
  Stack:
    remoteSettingsFunction/remoteSettings.pollChanges@resource://services-settings/remote-settings.js:188:13

[Parent 5444, Gecko_IOThread] WARNING: pipe error (96): Connection reset by peer: file /build/firefox-1juj5k/firefox-65.0+build2/ipc/chromium/src/chrome/common/ipc_channel_posix.cc, line 349
[Parent 5444, Gecko_IOThread] WARNING: pipe error (79): Connection reset by peer: file /build/firefox-1juj5k/firefox-65.0+build2/ipc/chromium/src/chrome/common/ipc_channel_posix.cc, line 349
1549614856128	Marionette	INFO	Stopped listening on port 36872
1549614859907	mozrunner::runner	INFO	Running command: "/usr/bin/firefox" "-marionette" "-foreground" "-no-remote" "-profile" "/tmp/rust_mozprofile.YpC4jXQEAjC0"
1549614860236	addons.webextension.screenshots@mozilla.org	WARN	Loading extension 'screenshots@mozilla.org': Reading manifest: Invalid host permission: resource://pdf.js/
1549614860236	addons.webextension.screenshots@mozilla.org	WARN	Loading extension 'screenshots@mozilla.org': Reading manifest: Invalid host permission: about:reader*
1549614861351	Marionette	INFO	Listening on port 39479
1549614861415	Marionette	WARN	TLS certificate errors will be ignored for this session
console.error: BroadcastService: 
  receivedBroadcastMessage: handler for
  remote-settings/monitor_changes
  threw error:
  Message: Error: Polling for changes failed: NetworkError when attempting to fetch resource..
  Stack:
    remoteSettingsFunction/remoteSettings.pollChanges@resource://services-settings/remote-settings.js:188:13

JavaScript error: resource://devtools/client/shared/telemetry.js, line 652: TypeError: event is undefined
1549616786329	mozrunner::runner	INFO	Running command: "/usr/bin/firefox" "-marionette" "-foreground" "-no-remote" "-profile" "/tmp/rust_mozprofile.ljjsss79or1p"
1549616786651	addons.webextension.screenshots@mozilla.org	WARN	Loading extension 'screenshots@mozilla.org': Reading manifest: Invalid host permission: resource://pdf.js/
1549616786652	addons.webextension.screenshots@mozilla.org	WARN	Loading extension 'screenshots@mozilla.org': Reading manifest: Invalid host permission: about:reader*
1549616787791	Marionette	INFO	Listening on port 33792
1549616787834	Marionette	WARN	TLS certificate errors will be ignored for this session
[Parent 6106, Gecko_IOThread] WARNING: pipe error (98): Connection reset by peer: file /build/firefox-1juj5k/firefox-65.0+build2/ipc/chromium/src/chrome/common/ipc_channel_posix.cc, line 349
[Parent 6106, Gecko_IOThread] WARNING: pipe error (79): Connection reset by peer: file /build/firefox-1juj5k/firefox-65.0+build2/ipc/chromium/src/chrome/common/ipc_channel_posix.cc, line 349
1549616790192	Marionette	INFO	Stopped listening on port 39479
console.error: BroadcastService: 
  receivedBroadcastMessage: handler for
  remote-settings/monitor_changes
  threw error:
  Message: Error: Polling for changes failed: NetworkError when attempting to fetch resource..
  Stack:
    remoteSettingsFunction/remoteSettings.pollChanges@resource://services-settings/remote-settings.js:188:13

1549616908359	mozrunner::runner	INFO	Running command: "/usr/bin/firefox" "-marionette" "-foreground" "-no-remote" "-profile" "/tmp/rust_mozprofile.2n8Z6JpFwQHW"
1549616908693	addons.webextension.screenshots@mozilla.org	WARN	Loading extension 'screenshots@mozilla.org': Reading manifest: Invalid host permission: resource://pdf.js/
1549616908694	addons.webextension.screenshots@mozilla.org	WARN	Loading extension 'screenshots@mozilla.org': Reading manifest: Invalid host permission: about:reader*
1549616909910	Marionette	INFO	Listening on port 39056
1549616909964	Marionette	WARN	TLS certificate errors will be ignored for this session
[Parent 7614, Gecko_IOThread] WARNING: pipe error (79): Connection reset by peer: file /build/firefox-1juj5k/firefox-65.0+build2/ipc/chromium/src/chrome/common/ipc_channel_posix.cc, line 349
[Parent 7614, Gecko_IOThread] WARNING: pipe error (69): Connection reset by peer: file /build/firefox-1juj5k/firefox-65.0+build2/ipc/chromium/src/chrome/common/ipc_channel_posix.cc, line 349
1549616914497	Marionette	INFO	Stopped listening on port 33792
1549616952828	Marionette	WARN	TimedPromise timed out after 0 ms: stacktrace:
bail@chrome://marionette/content/sync.js:196:64
1549616952835	Marionette	WARN	TimedPromise timed out after 0 ms: stacktrace:
bail@chrome://marionette/content/sync.js:196:64
console.error: BroadcastService: 
  receivedBroadcastMessage: handler for
  remote-settings/monitor_changes
  threw error:
  Message: Error: Polling for changes failed: NetworkError when attempting to fetch resource..
  Stack:
    remoteSettingsFunction/remoteSettings.pollChanges@resource://services-settings/remote-settings.js:188:13

[Parent 8001, Gecko_IOThread] WARNING: pipe error (79): Connection reset by peer: file /build/firefox-1juj5k/firefox-65.0+build2/ipc/chromium/src/chrome/common/ipc_channel_posix.cc, line 349
[Parent 8001, Gecko_IOThread] WARNING: pipe error (71): Connection reset by peer: file /build/firefox-1juj5k/firefox-65.0+build2/ipc/chromium/src/chrome/common/ipc_channel_posix.cc, line 349
1549617082310	Marionette	INFO	Stopped listening on port 39056
1549617086561	mozrunner::runner	INFO	Running command: "/usr/bin/firefox" "-marionette" "-foreground" "-no-remote" "-profile" "/tmp/rust_mozprofile.1AWvU5k5AKO3"
1549617086885	addons.webextension.screenshots@mozilla.org	WARN	Loading extension 'screenshots@mozilla.org': Reading manifest: Invalid host permission: resource://pdf.js/
1549617086885	addons.webextension.screenshots@mozilla.org	WARN	Loading extension 'screenshots@mozilla.org': Reading manifest: Invalid host permission: about:reader*
1549617088028	Marionette	INFO	Listening on port 40005
1549617088066	Marionette	WARN	TLS certificate errors will be ignored for this session
1549617117097	Marionette	WARN	TimedPromise timed out after 0 ms: stacktrace:
bail@chrome://marionette/content/sync.js:196:64
1549617117108	Marionette	WARN	TimedPromise timed out after 0 ms: stacktrace:
bail@chrome://marionette/content/sync.js:196:64
console.error: BroadcastService: 
  receivedBroadcastMessage: handler for
  remote-settings/monitor_changes
  threw error:
  Message: Error: Polling for changes failed: NetworkError when attempting to fetch resource..
  Stack:
    remoteSettingsFunction/remoteSettings.pollChanges@resource://services-settings/remote-settings.js:188:13

[Parent 8420, Gecko_IOThread] WARNING: pipe error (79): Connection reset by peer: file /build/firefox-1juj5k/firefox-65.0+build2/ipc/chromium/src/chrome/common/ipc_channel_posix.cc, line 349
[Parent 8420, Gecko_IOThread] WARNING: pipe error (93): Connection reset by peer: file /build/firefox-1juj5k/firefox-65.0+build2/ipc/chromium/src/chrome/common/ipc_channel_posix.cc, line 349
1549617161493	Marionette	INFO	Stopped listening on port 40005
1549617173295	mozrunner::runner	INFO	Running command: "/usr/bin/firefox" "-marionette" "-foreground" "-no-remote" "-profile" "/tmp/rust_mozprofile.Calzoxxj9Rd0"
1549617173634	addons.webextension.screenshots@mozilla.org	WARN	Loading extension 'screenshots@mozilla.org': Reading manifest: Invalid host permission: resource://pdf.js/
1549617173634	addons.webextension.screenshots@mozilla.org	WARN	Loading extension 'screenshots@mozilla.org': Reading manifest: Invalid host permission: about:reader*
1549617174779	Marionette	INFO	Listening on port 38523
1549617174802	Marionette	WARN	TLS certificate errors will be ignored for this session
1549617231251	Marionette	WARN	TimedPromise timed out after 0 ms: stacktrace:
bail@chrome://marionette/content/sync.js:196:64
1549617231259	Marionette	WARN	TimedPromise timed out after 0 ms: stacktrace:
bail@chrome://marionette/content/sync.js:196:64
[Parent 8787, Gecko_IOThread] WARNING: pipe error (99): Connection reset by peer: file /build/firefox-1juj5k/firefox-65.0+build2/ipc/chromium/src/chrome/common/ipc_channel_posix.cc, line 349
[Parent 8787, Gecko_IOThread] WARNING: pipe error (79): Connection reset by peer: file /build/firefox-1juj5k/firefox-65.0+build2/ipc/chromium/src/chrome/common/ipc_channel_posix.cc, line 349
1549617253055	Marionette	INFO	Stopped listening on port 38523
1549617410381	mozrunner::runner	INFO	Running command: "/usr/bin/firefox" "-marionette" "-foreground" "-no-remote" "-profile" "/tmp/rust_mozprofile.DQXthgDfqe4G"
1549617410710	addons.webextension.screenshots@mozilla.org	WARN	Loading extension 'screenshots@mozilla.org': Reading manifest: Invalid host permission: resource://pdf.js/
1549617410710	addons.webextension.screenshots@mozilla.org	WARN	Loading extension 'screenshots@mozilla.org': Reading manifest: Invalid host permission: about:reader*
1549617411782	Marionette	INFO	Listening on port 46557
1549617411792	Marionette	WARN	TLS certificate errors will be ignored for this session
1549617618752	Marionette	WARN	TimedPromise timed out after 0 ms: stacktrace:
bail@chrome://marionette/content/sync.js:196:64
1549617618756	Marionette	WARN	TimedPromise timed out after 0 ms: stacktrace:
bail@chrome://marionette/content/sync.js:196:64
1549617624155	Marionette	WARN	TimedPromise timed out after 0 ms: stacktrace:
bail@chrome://marionette/content/sync.js:196:64
1549617624159	Marionette	WARN	TimedPromise timed out after 0 ms: stacktrace:
bail@chrome://marionette/content/sync.js:196:64
console.error: BroadcastService: 
  receivedBroadcastMessage: handler for
  remote-settings/monitor_changes
  threw error:
  Message: Error: Polling for changes failed: NetworkError when attempting to fetch resource..
  Stack:
    remoteSettingsFunction/remoteSettings.pollChanges@resource://services-settings/remote-settings.js:188:13

[Parent 9257, Gecko_IOThread] WARNING: pipe error (79): Connection reset by peer: file /build/firefox-1juj5k/firefox-65.0+build2/ipc/chromium/src/chrome/common/ipc_channel_posix.cc, line 349
[Parent 9257, Gecko_IOThread] WARNING: pipe error (93): Connection reset by peer: file /build/firefox-1juj5k/firefox-65.0+build2/ipc/chromium/src/chrome/common/ipc_channel_posix.cc, line 349
1549617953369	Marionette	INFO	Stopped listening on port 46557
1549678260510	mozrunner::runner	INFO	Running command: "/usr/bin/firefox" "-marionette" "-foreground" "-no-remote" "-profile" "/tmp/rust_mozprofile.KxqGAwrXFwUn"
1549678261002	addons.webextension.screenshots@mozilla.org	WARN	Loading extension 'screenshots@mozilla.org': Reading manifest: Invalid host permission: resource://pdf.js/
1549678261002	addons.webextension.screenshots@mozilla.org	WARN	Loading extension 'screenshots@mozilla.org': Reading manifest: Invalid host permission: about:reader*
1549678262208	Marionette	INFO	Listening on port 46370
1549678262229	Marionette	WARN	TLS certificate errors will be ignored for this session
console.error: BroadcastService: 
  receivedBroadcastMessage: handler for
  remote-settings/monitor_changes
  threw error:
  Message: Error: Polling for changes failed: NetworkError when attempting to fetch resource..
  Stack:
    remoteSettingsFunction/remoteSettings.pollChanges@resource://services-settings/remote-settings.js:188:13

JavaScript error: resource://devtools/client/shared/telemetry.js, line 652: TypeError: event is undefined
[Parent 6251, Gecko_IOThread] WARNING: pipe error (82): Connection reset by peer: file /build/firefox-1juj5k/firefox-65.0+build2/ipc/chromium/src/chrome/common/ipc_channel_posix.cc, line 349
[Parent 6251, Gecko_IOThread] WARNING: pipe error (79): Connection reset by peer: file /build/firefox-1juj5k/firefox-65.0+build2/ipc/chromium/src/chrome/common/ipc_channel_posix.cc, line 349
1549679305348	Marionette	INFO	Stopped listening on port 46370
1549679321513	mozrunner::runner	INFO	Running command: "/usr/bin/firefox" "-marionette" "-foreground" "-no-remote" "-profile" "/tmp/rust_mozprofile.4vAPs0R520xc"
1549679321828	addons.webextension.screenshots@mozilla.org	WARN	Loading extension 'screenshots@mozilla.org': Reading manifest: Invalid host permission: resource://pdf.js/
1549679321828	addons.webextension.screenshots@mozilla.org	WARN	Loading extension 'screenshots@mozilla.org': Reading manifest: Invalid host permission: about:reader*
1549679322925	Marionette	INFO	Listening on port 39964
1549679323021	Marionette	WARN	TLS certificate errors will be ignored for this session
[Parent 7486, Gecko_IOThread] WARNING: pipe error (79): Connection reset by peer: file /build/firefox-1juj5k/firefox-65.0+build2/ipc/chromium/src/chrome/common/ipc_channel_posix.cc, line 349
[Parent 7486, Gecko_IOThread] WARNING: pipe error (87): Connection reset by peer: file /build/firefox-1juj5k/firefox-65.0+build2/ipc/chromium/src/chrome/common/ipc_channel_posix.cc, line 349
1549679340427	Marionette	INFO	Stopped listening on port 39964
1549679468752	mozrunner::runner	INFO	Running command: "/usr/bin/firefox" "-marionette" "-foreground" "-no-remote" "-profile" "/tmp/rust_mozprofile.GgBlJAFnAe0X"
1549679469063	addons.webextension.screenshots@mozilla.org	WARN	Loading extension 'screenshots@mozilla.org': Reading manifest: Invalid host permission: resource://pdf.js/
1549679469064	addons.webextension.screenshots@mozilla.org	WARN	Loading extension 'screenshots@mozilla.org': Reading manifest: Invalid host permission: about:reader*
1549679470090	Marionette	INFO	Listening on port 43267
1549679470160	Marionette	WARN	TLS certificate errors will be ignored for this session
[Parent 8407, Gecko_IOThread] WARNING: pipe error (79): Connection reset by peer: file /build/firefox-1juj5k/firefox-65.0+build2/ipc/chromium/src/chrome/common/ipc_channel_posix.cc, line 349
[Parent 8407, Gecko_IOThread] WARNING: pipe error (93): Connection reset by peer: file /build/firefox-1juj5k/firefox-65.0+build2/ipc/chromium/src/chrome/common/ipc_channel_posix.cc, line 349
1549679481226	Marionette	INFO	Stopped listening on port 43267
1549679636136	mozrunner::runner	INFO	Running command: "/usr/bin/firefox" "-marionette" "-foreground" "-no-remote" "-profile" "/tmp/rust_mozprofile.i48NURtltCP5"
1549679636448	addons.webextension.screenshots@mozilla.org	WARN	Loading extension 'screenshots@mozilla.org': Reading manifest: Invalid host permission: resource://pdf.js/
1549679636448	addons.webextension.screenshots@mozilla.org	WARN	Loading extension 'screenshots@mozilla.org': Reading manifest: Invalid host permission: about:reader*
1549679637545	Marionette	INFO	Listening on port 33296
1549679637641	Marionette	WARN	TLS certificate errors will be ignored for this session
console.error: BroadcastService: 
  receivedBroadcastMessage: handler for
  remote-settings/monitor_changes
  threw error:
  Message: Error: Polling for changes failed: NetworkError when attempting to fetch resource..
  Stack:
    remoteSettingsFunction/remoteSettings.pollChanges@resource://services-settings/remote-settings.js:188:13

JavaScript error: https://assets.bwbx.io/s3/javelin/public/javelin/js/components/blens/blens-9132b461ce.js, line 1: TypeError: t is null
JavaScript error: https://static.adsafeprotected.com/sca.17.4.95.js, line 33: TypeError: The ReadableStream reader was released.
JavaScript error: resource://gre/modules/WebProgressChild.jsm, line 58: TypeError: this.mm.content is null
JavaScript error: , line 0: InvalidStateError: An attempt was made to use an object that is not, or is no longer, usable
[Child 9082, Chrome_ChildThread] WARNING: pipe error: Broken pipe: file /build/firefox-1juj5k/firefox-65.0+build2/ipc/chromium/src/chrome/common/ipc_channel_posix.cc, line 718
[Child 9082, Chrome_ChildThread] WARNING: pipe error: Broken pipe: file /build/firefox-1juj5k/firefox-65.0+build2/ipc/chromium/src/chrome/common/ipc_channel_posix.cc, line 718
[Parent 8845, Gecko_IOThread] WARNING: pipe error (71): Connection reset by peer: file /build/firefox-1juj5k/firefox-65.0+build2/ipc/chromium/src/chrome/common/ipc_channel_posix.cc, line 349
[Parent 8845, Gecko_IOThread] WARNING: pipe error (79): Connection reset by peer: file /build/firefox-1juj5k/firefox-65.0+build2/ipc/chromium/src/chrome/common/ipc_channel_posix.cc, line 349
1549698289888	Marionette	INFO	Stopped listening on port 33296
1549698295754	mozrunner::runner	INFO	Running command: "/usr/bin/firefox" "-marionette" "-foreground" "-no-remote" "-profile" "/tmp/rust_mozprofile.Qe0H99llgkKl"
1549698296074	addons.webextension.screenshots@mozilla.org	WARN	Loading extension 'screenshots@mozilla.org': Reading manifest: Invalid host permission: resource://pdf.js/
1549698296075	addons.webextension.screenshots@mozilla.org	WARN	Loading extension 'screenshots@mozilla.org': Reading manifest: Invalid host permission: about:reader*
1549698297208	Marionette	INFO	Listening on port 42885
1549698297259	Marionette	WARN	TLS certificate errors will be ignored for this session
JavaScript error: chrome://marionette/content/driver.js, line 1305: TypeError: WeakMap key must be an object, got undefined
1549698982114	Marionette	ERROR	[43] No reply from Marionette:Register
JavaScript error: chrome://marionette/content/listener.js, line 459: TypeError: reply[0] is undefined
JavaScript error: chrome://global/content/bindings/browser.xml, line 1061: uncaught exception: 2147500033
1549698983255	Marionette	ERROR	[6442450948] No reply from Marionette:Register
JavaScript error: chrome://marionette/content/listener.js, line 459: TypeError: reply[0] is undefined
1549698983281	Marionette	ERROR	[6442450950] No reply from Marionette:Register
JavaScript error: chrome://marionette/content/listener.js, line 459: TypeError: reply[0] is undefined
JavaScript error: chrome://marionette/content/driver.js, line 1305: TypeError: WeakMap key must be an object, got undefined
1549698984078	Marionette	ERROR	[48] No reply from Marionette:Register
JavaScript error: chrome://marionette/content/listener.js, line 459: TypeError: reply[0] is undefined
JavaScript error: chrome://global/content/bindings/browser.xml, line 1061: uncaught exception: 2147500033
1549698986608	Marionette	ERROR	[6442450955] No reply from Marionette:Register
JavaScript error: chrome://marionette/content/listener.js, line 459: TypeError: reply[0] is undefined
1549698986624	Marionette	ERROR	[6442450957] No reply from Marionette:Register
JavaScript error: chrome://marionette/content/listener.js, line 459: TypeError: reply[0] is undefined
console.error: BroadcastService: 
  receivedBroadcastMessage: handler for
  remote-settings/monitor_changes
  threw error:
  Message: Error: Polling for changes failed: NetworkError when attempting to fetch resource..
  Stack:
    remoteSettingsFunction/remoteSettings.pollChanges@resource://services-settings/remote-settings.js:188:13

JavaScript warning: resource://devtools/client/shared/demangle.js, line 0: Successfully compiled asm.js code (total compilation time 65ms; unable to cache asm.js in synchronous scripts; try loading asm.js via <script async> or createElement('script'))
JavaScript error: resource://devtools/client/shared/telemetry.js, line 652: TypeError: event is undefined
console.error: (new Error("Connection closed, pending request to server1.conn4.child1/memoryActor9, type detach failed\n\nRequest stack:\nrequest@resource://devtools/shared/protocol.js:1384:14\ngenerateRequestMethods/</frontProto[name]@resource://devtools/shared/protocol.js:1545:14\ndestroy@resource://devtools/client/memory/panel.js:59:11\n_destroyToolbox@resource://devtools/client/framework/toolbox.js:2882:26\ndestroy@resource://devtools/client/framework/toolbox.js:2827:23\n_forgetBrowserWindow@resource://devtools/client/framework/devtools-browser.js:661:9\nhandleEvent@resource://devtools/client/framework/devtools-browser.js:682:9\n", "resource://devtools/shared/protocol.js", 1317))
[Parent 13408, Gecko_IOThread] WARNING: pipe error (69): Connection reset by peer: file /build/firefox-1juj5k/firefox-65.0+build2/ipc/chromium/src/chrome/common/ipc_channel_posix.cc, line 349
[Parent 13408, Gecko_IOThread] WARNING: pipe error (79): Connection reset by peer: file /build/firefox-1juj5k/firefox-65.0+build2/ipc/chromium/src/chrome/common/ipc_channel_posix.cc, line 349
1549699597008	Marionette	INFO	Stopped listening on port 42885
1549700563336	mozrunner::runner	INFO	Running command: "/usr/bin/firefox" "-marionette" "-foreground" "-no-remote" "-profile" "/tmp/rust_mozprofile.DUjGzMmfY0Nj"
1549700563663	addons.webextension.screenshots@mozilla.org	WARN	Loading extension 'screenshots@mozilla.org': Reading manifest: Invalid host permission: resource://pdf.js/
1549700563663	addons.webextension.screenshots@mozilla.org	WARN	Loading extension 'screenshots@mozilla.org': Reading manifest: Invalid host permission: about:reader*
1549700564786	Marionette	INFO	Listening on port 46856
1549700564840	Marionette	WARN	TLS certificate errors will be ignored for this session
JavaScript error: https://assets.bwbx.io/s3/javelin/public/javelin/js/components/blens/blens-9132b461ce.js, line 1: TypeError: t is null
JavaScript error: https://assets.bwbx.io/s3/javelin/public/javelin/js/ads/initialize/initialize_ads-55631a2e8f.js, line 13: TypeError: this.__googletag.destroySlots is not a function
JavaScript error: , line 0: InvalidStateError: An attempt was made to use an object that is not, or is no longer, usable
JavaScript error: chrome://marionette/content/driver.js, line 1305: TypeError: WeakMap key must be an object, got undefined
1549700708679	Marionette	ERROR	[31] No reply from Marionette:Register
JavaScript error: chrome://marionette/content/listener.js, line 459: TypeError: reply[0] is undefined
JavaScript error: chrome://global/content/bindings/browser.xml, line 1061: uncaught exception: 2147500033
1549700711508	Marionette	ERROR	[12884901892] No reply from Marionette:Register
JavaScript error: chrome://marionette/content/listener.js, line 459: TypeError: reply[0] is undefined
1549700711536	Marionette	ERROR	[12884901894] No reply from Marionette:Register
JavaScript error: chrome://marionette/content/listener.js, line 459: TypeError: reply[0] is undefined
JavaScript error: http://bdimg.share.baidu.com/static/api/js/trans/logger.js?v=60603cb3.js, line 1: TypeError: n.ajax.request is not a function
JavaScript error: resource://devtools/client/shared/telemetry.js, line 652: TypeError: event is undefined
JavaScript error: https://assets.bwbx.io/s3/javelin/public/javelin/js/components/blens/blens-9132b461ce.js, line 1: TypeError: t is null
JavaScript error: https://www.bloomberg.com/news/articles/2018-03-28/ping-an-is-said-to-start-work-on-up-to-3-billion-oneconnect-ipo, line 1: ReferenceError: _cc12098 is not defined
JavaScript error: https://assets.bwbx.io/s3/javelin/public/javelin/js/transporter/transporter-e2e8f02896.js, line 6: TypeError: document.head.querySelector(...) is null
JavaScript error: https://assets.bwbx.io/s3/javelin/public/javelin/js/ads/initialize/initialize_ads-55631a2e8f.js, line 13: TypeError: this.__googletag.destroySlots is not a function
console.error: BroadcastService: 
  receivedBroadcastMessage: handler for
  remote-settings/monitor_changes
  threw error:
  Message: Error: Polling for changes failed: NetworkError when attempting to fetch resource..
  Stack:
    remoteSettingsFunction/remoteSettings.pollChanges@resource://services-settings/remote-settings.js:188:13

JavaScript error: http://bdimg.share.baidu.com/static/api/js/trans/logger.js?v=60603cb3.js, line 1: TypeError: n.ajax.request is not a function
JavaScript error: http://bdimg.share.baidu.com/static/api/js/trans/logger.js?v=60603cb3.js, line 1: TypeError: n.ajax.request is not a function

###!!! [Child][RunMessage] Error: Channel closing: too late to send/recv, messages will be lost

[Parent 16389, Gecko_IOThread] WARNING: pipe error (79): Connection reset by peer: file /build/firefox-1juj5k/firefox-65.0+build2/ipc/chromium/src/chrome/common/ipc_channel_posix.cc, line 349
[Parent 16389, Gecko_IOThread] WARNING: pipe error (98): Connection reset by peer: file /build/firefox-1juj5k/firefox-65.0+build2/ipc/chromium/src/chrome/common/ipc_channel_posix.cc, line 349
1549702206360	Marionette	INFO	Stopped listening on port 46856
1549702212767	mozrunner::runner	INFO	Running command: "/usr/bin/firefox" "-marionette" "-foreground" "-no-remote" "-profile" "/tmp/rust_mozprofile.ibqy83IMpQGC"
1549702213073	addons.webextension.screenshots@mozilla.org	WARN	Loading extension 'screenshots@mozilla.org': Reading manifest: Invalid host permission: resource://pdf.js/
1549702213073	addons.webextension.screenshots@mozilla.org	WARN	Loading extension 'screenshots@mozilla.org': Reading manifest: Invalid host permission: about:reader*
1549702214179	Marionette	INFO	Listening on port 39558
1549702214281	Marionette	WARN	TLS certificate errors will be ignored for this session
JavaScript error: http://bdimg.share.baidu.com/static/api/js/trans/logger.js?v=60603cb3.js, line 1: TypeError: n.ajax.request is not a function
JavaScript error: http://bdimg.share.baidu.com/static/api/js/trans/logger.js?v=60603cb3.js, line 1: TypeError: n.ajax.request is not a function
console.error: BroadcastService: 
  receivedBroadcastMessage: handler for
  remote-settings/monitor_changes
  threw error:
  Message: Error: Polling for changes failed: NetworkError when attempting to fetch resource..
  Stack:
    remoteSettingsFunction/remoteSettings.pollChanges@resource://services-settings/remote-settings.js:188:13

JavaScript error: http://bdimg.share.baidu.com/static/api/js/trans/logger.js?v=60603cb3.js, line 1: TypeError: n.ajax.request is not a function

###!!! [Child][RunMessage] Error: Channel closing: too late to send/recv, messages will be lost

[Parent 18184, Gecko_IOThread] WARNING: pipe error (79): Connection reset by peer: file /build/firefox-1juj5k/firefox-65.0+build2/ipc/chromium/src/chrome/common/ipc_channel_posix.cc, line 349
[Parent 18184, Gecko_IOThread] WARNING: pipe error (71): Connection reset by peer: file /build/firefox-1juj5k/firefox-65.0+build2/ipc/chromium/src/chrome/common/ipc_channel_posix.cc, line 349
1549702807647	Marionette	INFO	Stopped listening on port 39558
1549702812199	mozrunner::runner	INFO	Running command: "/usr/bin/firefox" "-marionette" "-foreground" "-no-remote" "-profile" "/tmp/rust_mozprofile.eYxCaNcK4atP"
1549702812513	addons.webextension.screenshots@mozilla.org	WARN	Loading extension 'screenshots@mozilla.org': Reading manifest: Invalid host permission: resource://pdf.js/
1549702812513	addons.webextension.screenshots@mozilla.org	WARN	Loading extension 'screenshots@mozilla.org': Reading manifest: Invalid host permission: about:reader*
1549702813626	Marionette	INFO	Listening on port 43361
1549702813704	Marionette	WARN	TLS certificate errors will be ignored for this session
JavaScript error: http://bdimg.share.baidu.com/static/api/js/trans/logger.js?v=60603cb3.js, line 1: TypeError: n.ajax.request is not a function
Exiting due to channel error.
Exiting due to channel error.
Exiting due to channel error.
1549702951171	mozrunner::runner	INFO	Running command: "/usr/bin/firefox" "-marionette" "-foreground" "-no-remote" "-profile" "/tmp/rust_mozprofile.lynfYPxNZxbr"
1549702951490	addons.webextension.screenshots@mozilla.org	WARN	Loading extension 'screenshots@mozilla.org': Reading manifest: Invalid host permission: resource://pdf.js/
1549702951491	addons.webextension.screenshots@mozilla.org	WARN	Loading extension 'screenshots@mozilla.org': Reading manifest: Invalid host permission: about:reader*
1549702952658	Marionette	INFO	Listening on port 42036
1549702952682	Marionette	WARN	TLS certificate errors will be ignored for this session
JavaScript error: http://bdimg.share.baidu.com/static/api/js/trans/logger.js?v=60603cb3.js, line 1: TypeError: n.ajax.request is not a function
JavaScript error: https://s0.2mdn.net/ads/richmedia/studio/pv2/60366502/20171109071147612/Leaderboard728x90_V2.html?e=69&renderingType=2&leftOffset=0&topOffset=0&c=hvK4vkc5Tm&t=1, line 61: ReferenceError: swiffy is not defined
JavaScript error: https://build.origami.ft.com/v2/bundles/js?modules=o-ads-embed@^2.0.0, line 4: Error: Could not identify this slot
JavaScript error: https://tpc.googlesyndication.com/pagead/js/r20190204/r20110914/abg_lite.js, line 1: Error: bad conv util ctor args
[Parent 19239, Gecko_IOThread] WARNING: pipe error (79): Connection reset by peer: file /build/firefox-1juj5k/firefox-65.0+build2/ipc/chromium/src/chrome/common/ipc_channel_posix.cc, line 349
[Parent 19239, Gecko_IOThread] WARNING: pipe error (87): Connection reset by peer: file /build/firefox-1juj5k/firefox-65.0+build2/ipc/chromium/src/chrome/common/ipc_channel_posix.cc, line 349
[Parent 19239, Gecko_IOThread] WARNING: pipe error (171): Connection reset by peer: file /build/firefox-1juj5k/firefox-65.0+build2/ipc/chromium/src/chrome/common/ipc_channel_posix.cc, line 349
[Parent 19239, Gecko_IOThread] WARNING: pipe error (124): Connection reset by peer: file /build/firefox-1juj5k/firefox-65.0+build2/ipc/chromium/src/chrome/common/ipc_channel_posix.cc, line 349
1549703010722	Marionette	INFO	Stopped listening on port 42036
1549703051532	mozrunner::runner	INFO	Running command: "/usr/bin/firefox" "-marionette" "-foreground" "-no-remote" "-profile" "/tmp/rust_mozprofile.dZC6WHz1f63c"
1549703051845	addons.webextension.screenshots@mozilla.org	WARN	Loading extension 'screenshots@mozilla.org': Reading manifest: Invalid host permission: resource://pdf.js/
1549703051845	addons.webextension.screenshots@mozilla.org	WARN	Loading extension 'screenshots@mozilla.org': Reading manifest: Invalid host permission: about:reader*
1549703052897	Marionette	INFO	Listening on port 36926
1549703052950	Marionette	WARN	TLS certificate errors will be ignored for this session
JavaScript error: http://bdimg.share.baidu.com/static/api/js/trans/logger.js?v=60603cb3.js, line 1: TypeError: n.ajax.request is not a function

###!!! [Child][RunMessage] Error: Channel closing: too late to send/recv, messages will be lost


###!!! [Child][RunMessage] Error: Channel closing: too late to send/recv, messages will be lost

[Parent 19632, Gecko_IOThread] WARNING: pipe error (79): Connection reset by peer: file /build/firefox-1juj5k/firefox-65.0+build2/ipc/chromium/src/chrome/common/ipc_channel_posix.cc, line 349
[Parent 19632, Gecko_IOThread] WARNING: pipe error (87): Connection reset by peer: file /build/firefox-1juj5k/firefox-65.0+build2/ipc/chromium/src/chrome/common/ipc_channel_posix.cc, line 349
1549703089976	Marionette	INFO	Stopped listening on port 36926
1549703365499	mozrunner::runner	INFO	Running command: "/usr/bin/firefox" "-marionette" "-foreground" "-no-remote" "-profile" "/tmp/rust_mozprofile.me3gsoWaibsP"
1549703365812	addons.webextension.screenshots@mozilla.org	WARN	Loading extension 'screenshots@mozilla.org': Reading manifest: Invalid host permission: resource://pdf.js/
1549703365812	addons.webextension.screenshots@mozilla.org	WARN	Loading extension 'screenshots@mozilla.org': Reading manifest: Invalid host permission: about:reader*
1549703366854	Marionette	INFO	Listening on port 41182
1549703366915	Marionette	WARN	TLS certificate errors will be ignored for this session
Exiting due to channel error.
Exiting due to channel error.
Exiting due to channel error.
1549703382912	mozrunner::runner	INFO	Running command: "/usr/bin/firefox" "-marionette" "-foreground" "-no-remote" "-profile" "/tmp/rust_mozprofile.cOyPnu2Svxe5"
1549703383222	addons.webextension.screenshots@mozilla.org	WARN	Loading extension 'screenshots@mozilla.org': Reading manifest: Invalid host permission: resource://pdf.js/
1549703383222	addons.webextension.screenshots@mozilla.org	WARN	Loading extension 'screenshots@mozilla.org': Reading manifest: Invalid host permission: about:reader*
1549703384278	Marionette	INFO	Listening on port 39572
1549703384324	Marionette	WARN	TLS certificate errors will be ignored for this session
JavaScript error: http://bdimg.share.baidu.com/static/api/js/trans/logger.js?v=60603cb3.js, line 1: TypeError: n.ajax.request is not a function
JavaScript error: https://s0.2mdn.net/ads/richmedia/studio/pv2/60366502/20171109071147612/Leaderboard728x90_V2.html?e=69&renderingType=2&leftOffset=0&topOffset=0&c=iMaAvqP2lp&t=1, line 61: ReferenceError: swiffy is not defined
JavaScript error: https://build.origami.ft.com/v2/bundles/js?modules=o-ads-embed@^2.0.0, line 4: Error: Could not identify this slot
console.error: BroadcastService: 
  receivedBroadcastMessage: handler for
  remote-settings/monitor_changes
  threw error:
  Message: Error: Polling for changes failed: NetworkError when attempting to fetch resource..
  Stack:
    remoteSettingsFunction/remoteSettings.pollChanges@resource://services-settings/remote-settings.js:188:13

JavaScript error: https://tpc.googlesyndication.com/pagead/js/r20190204/r20110914/abg_lite.js, line 1: Error: bad conv util ctor args
JavaScript warning: https://code.jquery.com/jquery-1.10.2.min.js, line 1: Using //@ to indicate sourceMappingURL pragmas is deprecated. Use //# instead
[Parent 20495, Gecko_IOThread] WARNING: pipe error: Broken pipe: file /build/firefox-1juj5k/firefox-65.0+build2/ipc/chromium/src/chrome/common/ipc_channel_posix.cc, line 718
JavaScript error: https://s-static.innovid.com/mobileapps/s/js/vpaid/1m8ig3?cb=a3fe18ac-3ec5-f69e-001d-e6d12ee17b62&deviceid=&ivc=obOrigUrl%3Dtrue%26iv_geo_dma%3D%26iv_geo_country%3DUS%26iv_geo_city%3D%26iv_geo_state%3D%26iv_geo_zip%3D%26iv_geo_lat%3D37.751%26iv_geo_lon%3D-97.822, line 354: NS_ERROR_UNEXPECTED: 
[Parent 20495, Gecko_IOThread] WARNING: pipe error (93): Connection reset by peer: file /build/firefox-1juj5k/firefox-65.0+build2/ipc/chromium/src/chrome/common/ipc_channel_posix.cc, line 349
1549703638673	Marionette	INFO	Stopped listening on port 39572
1549703657787	mozrunner::runner	INFO	Running command: "/usr/bin/firefox" "-marionette" "-foreground" "-no-remote" "-profile" "/tmp/rust_mozprofile.B6w2lMrSVEhn"
1549703658098	addons.webextension.screenshots@mozilla.org	WARN	Loading extension 'screenshots@mozilla.org': Reading manifest: Invalid host permission: resource://pdf.js/
1549703658098	addons.webextension.screenshots@mozilla.org	WARN	Loading extension 'screenshots@mozilla.org': Reading manifest: Invalid host permission: about:reader*
1549703659215	Marionette	INFO	Listening on port 45458
1549703659296	Marionette	WARN	TLS certificate errors will be ignored for this session
[Parent 21101, Gecko_IOThread] WARNING: pipe error (71): Connection reset by peer: file /build/firefox-1juj5k/firefox-65.0+build2/ipc/chromium/src/chrome/common/ipc_channel_posix.cc, line 349
[Parent 21101, Gecko_IOThread] WARNING: pipe error (137): Connection reset by peer: file /build/firefox-1juj5k/firefox-65.0+build2/ipc/chromium/src/chrome/common/ipc_channel_posix.cc, line 349
1549703677284	Marionette	INFO	Stopped listening on port 45458
1549703683347	mozrunner::runner	INFO	Running command: "/usr/bin/firefox" "-marionette" "-foreground" "-no-remote" "-profile" "/tmp/rust_mozprofile.BXsh3qKBqRAm"
1549703683658	addons.webextension.screenshots@mozilla.org	WARN	Loading extension 'screenshots@mozilla.org': Reading manifest: Invalid host permission: resource://pdf.js/
1549703683658	addons.webextension.screenshots@mozilla.org	WARN	Loading extension 'screenshots@mozilla.org': Reading manifest: Invalid host permission: about:reader*
1549703684685	Marionette	INFO	Listening on port 40225
1549703684763	Marionette	WARN	TLS certificate errors will be ignored for this session
JavaScript error: http://bdimg.share.baidu.com/static/api/js/trans/logger.js?v=60603cb3.js, line 1: TypeError: n.ajax.request is not a function
[Parent 21463, Gecko_IOThread] WARNING: pipe error (103): Connection reset by peer: file /build/firefox-1juj5k/firefox-65.0+build2/ipc/chromium/src/chrome/common/ipc_channel_posix.cc, line 349
[Parent 21463, Gecko_IOThread] WARNING: pipe error (79): Connection reset by peer: file /build/firefox-1juj5k/firefox-65.0+build2/ipc/chromium/src/chrome/common/ipc_channel_posix.cc, line 349
1549703742204	Marionette	INFO	Stopped listening on port 40225
1549703744904	mozrunner::runner	INFO	Running command: "/usr/bin/firefox" "-marionette" "-foreground" "-no-remote" "-profile" "/tmp/rust_mozprofile.V83lNpY4WvBl"
1549703745236	addons.webextension.screenshots@mozilla.org	WARN	Loading extension 'screenshots@mozilla.org': Reading manifest: Invalid host permission: resource://pdf.js/
1549703745237	addons.webextension.screenshots@mozilla.org	WARN	Loading extension 'screenshots@mozilla.org': Reading manifest: Invalid host permission: about:reader*
1549703746332	Marionette	INFO	Listening on port 44529
1549703746415	Marionette	WARN	TLS certificate errors will be ignored for this session
JavaScript error: http://bdimg.share.baidu.com/static/api/js/trans/logger.js?v=60603cb3.js, line 1: TypeError: n.ajax.request is not a function
JavaScript error: https://s0.2mdn.net/ads/richmedia/studio/pv2/60366502/20171109071147612/Leaderboard728x90_V2.html?e=69&renderingType=2&leftOffset=0&topOffset=0&c=KpAp8WTaM0&t=1, line 61: ReferenceError: swiffy is not defined
JavaScript error: https://build.origami.ft.com/v2/bundles/js?modules=o-ads-embed@^2.0.0, line 4: Error: Could not identify this slot
JavaScript error: https://tpc.googlesyndication.com/pagead/js/r20190204/r20110914/abg_lite.js, line 1: Error: bad conv util ctor args
console.error: BroadcastService: 
  receivedBroadcastMessage: handler for
  remote-settings/monitor_changes
  threw error:
  Message: Error: Polling for changes failed: NetworkError when attempting to fetch resource..
  Stack:
    remoteSettingsFunction/remoteSettings.pollChanges@resource://services-settings/remote-settings.js:188:13

JavaScript warning: https://code.jquery.com/jquery-1.10.2.min.js, line 1: Using //@ to indicate sourceMappingURL pragmas is deprecated. Use //# instead
JavaScript error: https://assets.bwbx.io/s3/javelin/public/javelin/js/components/blens/blens-9132b461ce.js, line 1: TypeError: t is null
1549703883984	Marionette	INFO	Stopped listening on port 44529
[Parent 21820, Gecko_IOThread] WARNING: pipe error (79): Connection reset by peer: file /build/firefox-1juj5k/firefox-65.0+build2/ipc/chromium/src/chrome/common/ipc_channel_posix.cc, line 349
1549704578604	mozrunner::runner	INFO	Running command: "/usr/bin/firefox" "-marionette" "-foreground" "-no-remote" "-profile" "/tmp/rust_mozprofile.OiSUIJ8Qegzf"
1549704578919	addons.webextension.screenshots@mozilla.org	WARN	Loading extension 'screenshots@mozilla.org': Reading manifest: Invalid host permission: resource://pdf.js/
1549704578919	addons.webextension.screenshots@mozilla.org	WARN	Loading extension 'screenshots@mozilla.org': Reading manifest: Invalid host permission: about:reader*
1549704580003	Marionette	INFO	Listening on port 34765
1549704580009	Marionette	WARN	TLS certificate errors will be ignored for this session
JavaScript error: http://bdimg.share.baidu.com/static/api/js/trans/logger.js?v=60603cb3.js, line 1: TypeError: n.ajax.request is not a function
JavaScript error: https://s0.2mdn.net/ads/richmedia/studio/pv2/60366502/20171109071147612/Leaderboard728x90_V2.html?e=69&renderingType=2&leftOffset=0&topOffset=0&c=2tMuvcsmWN&t=1, line 61: ReferenceError: swiffy is not defined
JavaScript error: https://build.origami.ft.com/v2/bundles/js?modules=o-ads-embed@^2.0.0, line 4: Error: Could not identify this slot
JavaScript error: https://tpc.googlesyndication.com/pagead/js/r20190204/r20110914/abg_lite.js, line 1: Error: bad conv util ctor args
JavaScript warning: https://code.jquery.com/jquery-1.10.2.min.js, line 1: Using //@ to indicate sourceMappingURL pragmas is deprecated. Use //# instead
console.error: BroadcastService: 
  receivedBroadcastMessage: handler for
  remote-settings/monitor_changes
  threw error:
  Message: Error: Polling for changes failed: NetworkError when attempting to fetch resource..
  Stack:
    remoteSettingsFunction/remoteSettings.pollChanges@resource://services-settings/remote-settings.js:188:13

JavaScript error: https://assets.bwbx.io/s3/javelin/public/javelin/js/components/blens/blens-9132b461ce.js, line 1: TypeError: t is null
JavaScript error: https://static.adsafeprotected.com/sca.17.4.95.js, line 33: TypeError: The ReadableStream reader was released.
JavaScript warning: https://d9.flashtalking.com/d9core, line 1: Error: WebGL warning: <SetDimensions>: Failed to create WebGL context: WebGL creation failed: 
* WebGL 2 requires support for the following features: 
  transform_feedback2
1549704707725	Marionette	INFO	Stopped listening on port 34765
[Parent 25108, Gecko_IOThread] WARNING: pipe error (79): Connection reset by peer: file /build/firefox-1juj5k/firefox-65.0+build2/ipc/chromium/src/chrome/common/ipc_channel_posix.cc, line 349
